<?xml version="1.0" encoding="UTF-8"?>
<!-- Generated by org.testng.reporters.JUnitReportReporter -->
<testsuite hostname="test-PC" name="LearnigTestNG.LoginTest" tests="3" failures="0" timestamp="10 Jun 2016 09:23:47 GMT" time="0.029" errors="0">
  <testcase name="loginToFB" time="0.010" classname="LearnigTestNG.LoginTest"/>
  <testcase name="loginToTwitter" time="0.004" classname="LearnigTestNG.LoginTest"/>
  <testcase name="loginToEmail" time="0.015" classname="LearnigTestNG.LoginTest"/>
</testsuite> <!-- LearnigTestNG.LoginTest -->
