<?xml version="1.0" encoding="UTF-8"?>
<!-- Generated by org.testng.reporters.JUnitReportReporter -->
<testsuite hostname="test-PC" name="LearnigTestNG.LearningParameter" tests="1" failures="0" timestamp="9 Jun 2016 14:12:13 GMT" time="0.014" errors="0">
  <testcase name="login" time="0.014" classname="LearnigTestNG.LearningParameter"/>
</testsuite> <!-- LearnigTestNG.LearningParameter -->
