<?xml version="1.0" encoding="UTF-8"?>
<!-- Generated by org.testng.reporters.JUnitReportReporter -->
<testsuite hostname="test-PC" name="MyPackage.ParallelTest" tests="2" failures="0" timestamp="16 Jun 2016 11:23:02 GMT" time="144.207" errors="0">
  <testcase name="secondttest" time="72.103" classname="MyPackage.ParallelTest"/>
  <testcase name="firsttest" time="72.104" classname="MyPackage.ParallelTest"/>
</testsuite> <!-- MyPackage.ParallelTest -->
