<?xml version="1.0" encoding="UTF-8"?>
<!-- Generated by org.testng.reporters.JUnitReportReporter -->
<testsuite hostname="test-PC" name="TestPackage.ParallelDataTest" tests="3" failures="0" timestamp="16 Jun 2016 15:43:30 GMT" time="74.546" errors="0">
  <testcase name="simpletest" time="34.605" classname="TestPackage.ParallelDataTest"/>
  <testcase name="simpletest" time="23.059" classname="TestPackage.ParallelDataTest"/>
  <testcase name="simpletest" time="16.882" classname="TestPackage.ParallelDataTest"/>
</testsuite> <!-- TestPackage.ParallelDataTest -->
