<?xml version="1.0" encoding="UTF-8"?>
<!-- Generated by org.testng.reporters.JUnitReportReporter -->
<testsuite hostname="test-PC" name="com.org.MavenJenkinsProject.SmokeTest" tests="1" failures="0" timestamp="6 Jun 2016 14:32:52 GMT" time="56.646" errors="0">
  <testcase name="loginTest" time="56.646" classname="com.org.MavenJenkinsProject.SmokeTest"/>
</testsuite> <!-- com.org.MavenJenkinsProject.SmokeTest -->
