<?xml version="1.0" encoding="UTF-8"?>
<!-- Generated by org.testng.reporters.JUnitReportReporter -->
<testsuite hostname="test-PC" name="org.com.learningMaven.HiTest" tests="1" failures="0" timestamp="30 May 2016 13:26:04 GMT" time="32.253" errors="0">
  <testcase name="someShit" time="32.253" classname="org.com.learningMaven.HiTest"/>
</testsuite> <!-- org.com.learningMaven.HiTest -->
