<?xml version="1.0" encoding="UTF-8"?>
<!-- Generated by org.testng.reporters.JUnitReportReporter -->
<testsuite hostname="test-PC" name="MyPackage.ParallelTest" tests="2" failures="0" timestamp="21 Jun 2016 15:25:28 GMT" time="179.544" errors="0">
  <testcase name="simpletest" time="89.987" classname="MyPackage.ParallelTest"/>
  <testcase name="simpletest" time="89.557" classname="MyPackage.ParallelTest"/>
</testsuite> <!-- MyPackage.ParallelTest -->
